[INFO] Scanning for projects...
[INFO] 
[INFO] -------------------------< com.trigyn:OTPUtil >-------------------------
[INFO] Building OTPUtil 0.0.1-SNAPSHOT
[INFO]   from pom.xml
[INFO] --------------------------------[ jar ]---------------------------------
[INFO] 
[INFO] >>> spring-boot:3.5.14:run (default-cli) > test-compile @ OTPUtil >>>
[INFO] 
[INFO] --- resources:3.3.1:resources (default-resources) @ OTPUtil ---
[INFO] Copying 1 resource from src\main\resources to target\classes
[INFO] Copying 5 resources from src\main\resources to target\classes
[INFO] 
[INFO] --- compiler:3.14.1:compile (default-compile) @ OTPUtil ---
[INFO] Nothing to compile - all classes are up to date.
[INFO] 
[INFO] --- resources:3.3.1:testResources (default-testResources) @ OTPUtil ---
[INFO] skip non existing resourceDirectory D:\Workspace\OTPUtil\src\test\resources
[INFO] 
[INFO] --- compiler:3.14.1:testCompile (default-testCompile) @ OTPUtil ---
[INFO] Nothing to compile - all classes are up to date.
[INFO] 
[INFO] <<< spring-boot:3.5.14:run (default-cli) < test-compile @ OTPUtil <<<
[INFO] 
[INFO] 
[INFO] --- spring-boot:3.5.14:run (default-cli) @ OTPUtil ---
[INFO] Attaching agents: []
Standard Commons Logging discovery in action with spring-jcl: please remove commons-logging.jar from classpath in order to avoid potential conflicts
Standard Commons Logging discovery in action with spring-jcl: please remove commons-logging.jar from classpath in order to avoid potential conflicts

  .   ____          _            __ _ _
 /\\ / ___'_ __ _ _(_)_ __  __ _ \ \ \ \
( ( )\___ | '_ | '_| | '_ \/ _` | \ \ \ \
 \\/  ___)| |_)| | | | | || (_| |  ) ) ) )
  '  |____| .__|_| |_|_| |_\__, | / / / /
 =========|_|==============|___/=/_/_/_/

 :: Spring Boot ::               (v3.5.14)

2026-04-27T14:33:44.849+05:30  INFO 31936 --- [OTPUtil] [  restartedMain] com.trigyn.OTPUtil.OtpUtilApplication    : Starting OtpUtilApplication using Java 21.0.10 with PID 31936 (D:\Workspace\OTPUtil\target\classes started by Devaj.Kumar in D:\Workspace\OTPUtil)
2026-04-27T14:33:44.851+05:30  INFO 31936 --- [OTPUtil] [  restartedMain] com.trigyn.OTPUtil.OtpUtilApplication    : No active profile set, falling back to 1 default profile: "default"
2026-04-27T14:33:44.893+05:30  INFO 31936 --- [OTPUtil] [  restartedMain] .e.DevToolsPropertyDefaultsPostProcessor : Devtools property defaults active! Set 'spring.devtools.add-properties' to 'false' to disable
2026-04-27T14:33:44.893+05:30  INFO 31936 --- [OTPUtil] [  restartedMain] .e.DevToolsPropertyDefaultsPostProcessor : For additional web related logging consider setting the 'logging.level.web' property to 'DEBUG'
2026-04-27T14:33:45.525+05:30  INFO 31936 --- [OTPUtil] [  restartedMain] .s.d.r.c.RepositoryConfigurationDelegate : Multiple Spring Data modules found, entering strict repository configuration mode
2026-04-27T14:33:45.537+05:30  INFO 31936 --- [OTPUtil] [  restartedMain] .s.d.r.c.RepositoryConfigurationDelegate : Bootstrapping Spring Data Cassandra repositories in DEFAULT mode.
2026-04-27T14:33:45.670+05:30  INFO 31936 --- [OTPUtil] [  restartedMain] .s.d.r.c.RepositoryConfigurationDelegate : Finished Spring Data repository scanning in 127 ms. Found 1 Cassandra repository interface.
2026-04-27T14:33:45.866+05:30  INFO 31936 --- [OTPUtil] [  restartedMain] .s.d.r.c.RepositoryConfigurationDelegate : Multiple Spring Data modules found, entering strict repository configuration mode
2026-04-27T14:33:45.877+05:30  INFO 31936 --- [OTPUtil] [  restartedMain] .s.d.r.c.RepositoryConfigurationDelegate : Bootstrapping Spring Data Reactive Cassandra repositories in DEFAULT mode.
2026-04-27T14:33:45.899+05:30  INFO 31936 --- [OTPUtil] [  restartedMain] .s.d.r.c.RepositoryConfigurationDelegate : Finished Spring Data repository scanning in 20 ms. Found 0 Reactive Cassandra repository interfaces.
2026-04-27T14:33:45.912+05:30  INFO 31936 --- [OTPUtil] [  restartedMain] .s.d.r.c.RepositoryConfigurationDelegate : Multiple Spring Data modules found, entering strict repository configuration mode
2026-04-27T14:33:45.914+05:30  INFO 31936 --- [OTPUtil] [  restartedMain] .s.d.r.c.RepositoryConfigurationDelegate : Bootstrapping Spring Data Redis repositories in DEFAULT mode.
2026-04-27T14:33:45.930+05:30  INFO 31936 --- [OTPUtil] [  restartedMain] .RepositoryConfigurationExtensionSupport : Spring Data Redis - Could not safely identify store assignment for repository candidate interface com.trigyn.OTPUtil.repository.OtpTransactionRepository; If you want this repository to be a Redis repository, consider annotating your entities with one of these annotations: org.springframework.data.redis.core.RedisHash (preferred), or consider extending one of the following types with your repository: org.springframework.data.keyvalue.repository.KeyValueRepository
2026-04-27T14:33:45.930+05:30  INFO 31936 --- [OTPUtil] [  restartedMain] .s.d.r.c.RepositoryConfigurationDelegate : Finished Spring Data repository scanning in 8 ms. Found 0 Redis repository interfaces.
2026-04-27T14:33:46.565+05:30  INFO 31936 --- [OTPUtil] [  restartedMain] o.s.b.w.embedded.tomcat.TomcatWebServer  : Tomcat initialized with port 8080 (http)
2026-04-27T14:33:46.588+05:30  INFO 31936 --- [OTPUtil] [  restartedMain] o.apache.catalina.core.StandardService   : Starting service [Tomcat]
2026-04-27T14:33:46.589+05:30  INFO 31936 --- [OTPUtil] [  restartedMain] o.apache.catalina.core.StandardEngine    : Starting Servlet engine: [Apache Tomcat/10.1.54]
2026-04-27T14:33:46.642+05:30  INFO 31936 --- [OTPUtil] [  restartedMain] o.a.c.c.C.[Tomcat].[localhost].[/]       : Initializing Spring embedded WebApplicationContext
2026-04-27T14:33:46.643+05:30  INFO 31936 --- [OTPUtil] [  restartedMain] w.s.c.ServletWebServerApplicationContext : Root WebApplicationContext: initialization completed in 1748 ms
Standard Commons Logging discovery in action with spring-jcl: please remove commons-logging.jar from classpath in order to avoid potential conflicts
2026-04-27T14:33:46.928+05:30  INFO 31936 --- [OTPUtil] [  restartedMain] c.d.o.d.i.core.DefaultMavenCoordinates   : Apache Cassandra Java Driver (org.apache.cassandra:java-driver-core) version 4.19.2
2026-04-27T14:33:47.338+05:30  INFO 31936 --- [OTPUtil] [  restartedMain] c.d.o.d.i.c.c.CqlPrepareAsyncProcessor   : Adding handler to invalidate cached prepared statements on type changes
2026-04-27T14:33:47.644+05:30  INFO 31936 --- [OTPUtil] [     s0-admin-0] c.d.oss.driver.internal.core.time.Clock  : Using native clock for microsecond precision
2026-04-27T14:33:49.089+05:30  WARN 31936 --- [OTPUtil] [        s0-io-3] c.d.o.d.i.c.m.DefaultTopologyMonitor     : [s0] Unable to determine broadcast RPC port.  Trying to fall back to port used by the control connection.
2026-04-27T14:33:49.098+05:30  WARN 31936 --- [OTPUtil] [        s0-io-3] c.d.o.d.i.c.m.DefaultTopologyMonitor     : [s0] Unable to determine broadcast RPC port.  Trying to fall back to port used by the control connection.
2026-04-27T14:33:49.099+05:30  WARN 31936 --- [OTPUtil] [        s0-io-3] c.d.o.d.i.c.m.DefaultTopologyMonitor     : [s0] Unable to determine broadcast RPC port.  Trying to fall back to port used by the control connection.
2026-04-27T14:33:49.100+05:30  WARN 31936 --- [OTPUtil] [        s0-io-3] c.d.o.d.i.c.m.DefaultTopologyMonitor     : [s0] Unable to determine broadcast RPC port.  Trying to fall back to port used by the control connection.
2026-04-27T14:33:49.100+05:30  WARN 31936 --- [OTPUtil] [        s0-io-3] c.d.o.d.i.c.m.DefaultTopologyMonitor     : [s0] Unable to determine broadcast RPC port.  Trying to fall back to port used by the control connection.
2026-04-27T14:33:49.101+05:30  WARN 31936 --- [OTPUtil] [        s0-io-3] c.d.o.d.i.c.m.DefaultTopologyMonitor     : [s0] Unable to determine broadcast RPC port.  Trying to fall back to port used by the control connection.
2026-04-27T14:33:49.101+05:30  WARN 31936 --- [OTPUtil] [        s0-io-3] c.d.o.d.i.c.m.DefaultTopologyMonitor     : [s0] Unable to determine broadcast RPC port.  Trying to fall back to port used by the control connection.
2026-04-27T14:33:49.102+05:30  WARN 31936 --- [OTPUtil] [        s0-io-3] c.d.o.d.i.c.m.DefaultTopologyMonitor     : [s0] Unable to determine broadcast RPC port.  Trying to fall back to port used by the control connection.
2026-04-27T14:33:49.102+05:30  WARN 31936 --- [OTPUtil] [        s0-io-3] c.d.o.d.i.c.m.DefaultTopologyMonitor     : [s0] Unable to determine broadcast RPC port.  Trying to fall back to port used by the control connection.
2026-04-27T14:33:49.103+05:30  WARN 31936 --- [OTPUtil] [        s0-io-3] c.d.o.d.i.c.m.DefaultTopologyMonitor     : [s0] Unable to determine broadcast RPC port.  Trying to fall back to port used by the control connection.
2026-04-27T14:33:49.104+05:30  WARN 31936 --- [OTPUtil] [        s0-io-3] c.d.o.d.i.c.m.DefaultTopologyMonitor     : [s0] Unable to determine broadcast RPC port.  Trying to fall back to port used by the control connection.
2026-04-27T14:33:50.269+05:30  INFO 31936 --- [OTPUtil] [  restartedMain] c.d.o.d.i.c.c.CqlPrepareAsyncProcessor   : Adding handler to invalidate cached prepared statements on type changes
2026-04-27T14:33:50.271+05:30  INFO 31936 --- [OTPUtil] [     s1-admin-0] c.d.oss.driver.internal.core.time.Clock  : Using native clock for microsecond precision
2026-04-27T14:33:51.497+05:30  WARN 31936 --- [OTPUtil] [        s1-io-3] c.d.o.d.i.c.m.DefaultTopologyMonitor     : [s1] Unable to determine broadcast RPC port.  Trying to fall back to port used by the control connection.
2026-04-27T14:33:51.498+05:30  WARN 31936 --- [OTPUtil] [        s1-io-3] c.d.o.d.i.c.m.DefaultTopologyMonitor     : [s1] Unable to determine broadcast RPC port.  Trying to fall back to port used by the control connection.
2026-04-27T14:33:51.498+05:30  WARN 31936 --- [OTPUtil] [        s1-io-3] c.d.o.d.i.c.m.DefaultTopologyMonitor     : [s1] Unable to determine broadcast RPC port.  Trying to fall back to port used by the control connection.
2026-04-27T14:33:51.499+05:30  WARN 31936 --- [OTPUtil] [        s1-io-3] c.d.o.d.i.c.m.DefaultTopologyMonitor     : [s1] Unable to determine broadcast RPC port.  Trying to fall back to port used by the control connection.
2026-04-27T14:33:51.499+05:30  WARN 31936 --- [OTPUtil] [        s1-io-3] c.d.o.d.i.c.m.DefaultTopologyMonitor     : [s1] Unable to determine broadcast RPC port.  Trying to fall back to port used by the control connection.
2026-04-27T14:33:51.499+05:30  WARN 31936 --- [OTPUtil] [        s1-io-3] c.d.o.d.i.c.m.DefaultTopologyMonitor     : [s1] Unable to determine broadcast RPC port.  Trying to fall back to port used by the control connection.
2026-04-27T14:33:51.500+05:30  WARN 31936 --- [OTPUtil] [        s1-io-3] c.d.o.d.i.c.m.DefaultTopologyMonitor     : [s1] Unable to determine broadcast RPC port.  Trying to fall back to port used by the control connection.
2026-04-27T14:33:51.500+05:30  WARN 31936 --- [OTPUtil] [        s1-io-3] c.d.o.d.i.c.m.DefaultTopologyMonitor     : [s1] Unable to determine broadcast RPC port.  Trying to fall back to port used by the control connection.
2026-04-27T14:33:51.500+05:30  WARN 31936 --- [OTPUtil] [        s1-io-3] c.d.o.d.i.c.m.DefaultTopologyMonitor     : [s1] Unable to determine broadcast RPC port.  Trying to fall back to port used by the control connection.
2026-04-27T14:33:51.501+05:30  WARN 31936 --- [OTPUtil] [        s1-io-3] c.d.o.d.i.c.m.DefaultTopologyMonitor     : [s1] Unable to determine broadcast RPC port.  Trying to fall back to port used by the control connection.
2026-04-27T14:33:51.501+05:30  WARN 31936 --- [OTPUtil] [        s1-io-3] c.d.o.d.i.c.m.DefaultTopologyMonitor     : [s1] Unable to determine broadcast RPC port.  Trying to fall back to port used by the control connection.
2026-04-27T14:33:52.780+05:30  WARN 31936 --- [OTPUtil] [  restartedMain] o.s.b.d.a.OptionalLiveReloadServer       : Unable to start LiveReload server
2026-04-27T14:33:53.084+05:30  INFO 31936 --- [OTPUtil] [  restartedMain] c.t.OTPUtil.sms.CDACGatewaySmsProvider   : CDACGatewaySmsProvider initialised – configuration valid: true
2026-04-27T14:33:53.105+05:30  INFO 31936 --- [OTPUtil] [  restartedMain] c.trigyn.OTPUtil.email.EmailConnection   : EmailConnection: initialising SMTP session for host=smtp.email.ap-mumbai-1.oci.oraclecloud.com
2026-04-27T14:33:53.142+05:30  INFO 31936 --- [OTPUtil] [  restartedMain] c.t.OTPUtil.email.EmailTemplateService   : EmailTemplateService: 5 template(s) loaded
2026-04-27T14:33:53.157+05:30  INFO 31936 --- [OTPUtil] [  restartedMain] com.trigyn.OTPUtil.util.InputValidator   : InputValidator initialised with 5 valid purposes. Default purpose: signupOtp
2026-04-27T14:33:53.707+05:30  WARN 31936 --- [OTPUtil] [  restartedMain] ConfigServletWebServerApplicationContext : Exception encountered during context initialization - cancelling refresh attempt: org.springframework.context.ApplicationContextException: Failed to start bean 'webServerStartStop'
2026-04-27T14:33:57.915+05:30  INFO 31936 --- [OTPUtil] [  restartedMain] .s.b.a.l.ConditionEvaluationReportLogger : 

Error starting ApplicationContext. To display the condition evaluation report re-run your application with 'debug' enabled.
2026-04-27T14:33:57.949+05:30 ERROR 31936 --- [OTPUtil] [  restartedMain] o.s.b.d.LoggingFailureAnalysisReporter   : 

***************************
APPLICATION FAILED TO START
***************************

Description:

Web server failed to start. Port 8080 was already in use.

Action:

Identify and stop the process that's listening on port 8080 or configure this application to listen on another port.

[INFO] ------------------------------------------------------------------------
[INFO] BUILD FAILURE
[INFO] ------------------------------------------------------------------------
[INFO] Total time:  20.560 s
[INFO] Finished at: 2026-04-27T14:33:58+05:30
[INFO] ------------------------------------------------------------------------
[ERROR] Failed to execute goal org.springframework.boot:spring-boot-maven-plugin:3.5.14:run (default-cli) on project OTPUtil: Process terminated with exit code: 1 -> [Help 1]
[ERROR] 
[ERROR] To see the full stack trace of the errors, re-run Maven with the -e switch.
[ERROR] Re-run Maven using the -X switch to enable full debug logging.
[ERROR] 
[ERROR] For more information about the errors and possible solutions, please read the following articles:
[ERROR] [Help 1] http://cwiki.apache.org/confluence/display/MAVEN/MojoExecutionException
